MINMODE:METHOD: Dimer
DIM:CONTROL: Search Parameters:
DIM:CONTROL: ------------------
DIM:CONTROL: eigenmode_method = dimer
DIM:CONTROL: f_rot_min = 0.1
DIM:CONTROL: f_rot_max = 1.0
DIM:CONTROL: max_num_rot = 1
DIM:CONTROL: trial_angle = 0.7853981633974483
DIM:CONTROL: trial_trans_step = 0.001
DIM:CONTROL: maximum_translation = 0.1
DIM:CONTROL: cg_translation = True
DIM:CONTROL: use_central_forces = True
DIM:CONTROL: dimer_separation = 0.01
DIM:CONTROL: initial_eigenmode_method = displacement
DIM:CONTROL: extrapolate_forces = False
DIM:CONTROL: displacement_method = gauss
DIM:CONTROL: gauss_std = 0.1
DIM:CONTROL: order = 1
DIM:CONTROL: mask = None
DIM:CONTROL: displacement_center = 0
DIM:CONTROL: displacement_radius = 0.5
DIM:CONTROL: number_of_displacement_atoms = None
DIM:CONTROL: ------------------
DIM:ROT: OPT-STEP ROT-STEP CURVATURE ROT-ANGLE ROT-FORCE
MINMODE:DISP: Parameters, different from the control:
MINMODE:DISP: mask = [True, False, False, False]
MINMODE:DISP:       0     -0.12082474     -0.06963085      0.04693605
MINMODE:DISP:       1      0.00000000      0.00000000      0.00000000
MINMODE:DISP:       2      0.00000000      0.00000000      0.00000000
MINMODE:DISP:       3      0.00000000      0.00000000      0.00000000
DIM:ROT:       0         1    0.2904   30.9110    1.9933
DIM:ROT:       1         1    1.1623   62.2304    1.4961
DIM:ROT:       2         1   -3.9502   28.2735    2.4568
DIM:ROT:       3         1   -4.1646    8.6055    0.9598
DIM:ROT:       4         1   -2.4896    5.6764    1.1840
DIM:ROT:       5         1   -0.1053    9.5900    2.0803
DIM:ROT:       6         1    1.2867   11.1377    3.8555
DIM:ROT:       7         1    0.1724    4.9585    2.3440
DIM:ROT:       8         1   -0.7153    2.2488    1.1233
DIM:ROT:       9         1   -1.3884    1.2703    0.1951
DIM:ROT:      10         1   -1.3600    1.7386    0.9536
DIM:ROT:      11         1   -1.3853    0.5061    0.2110
DIM:ROT:      12         1   -1.1678    0.8579    0.5112
DIM:ROT:      13         1   -1.1300    4.2667    0.2765
DIM:ROT:      14         1   -0.9921    1.8014    1.0149
DIM:ROT:      15         1   -0.9867    6.1570    0.4285
DIM:ROT:      16         1   -0.9047    2.5007    1.2861
DIM:ROT:      17         1   -0.8079    3.8649    0.4240
DIM:ROT:      18         1   -0.8028    1.8854    0.8021
DIM:ROT:      19         1   -0.7172    1.6742    0.5121
DIM:ROT:      20         1   -0.6785    2.7603    0.4122
DIM:ROT:      21         1   -0.6114    1.6092    0.8330
DIM:ROT:      22         1   -0.6269    2.3796    0.3196
DIM:ROT:      23         1   -0.5419    1.3179    0.6719
DIM:ROT:      24         1   -0.4876    5.3390    0.2885
DIM:ROT:      25         1   -0.4318    1.4346    0.8116
DIM:ROT:      26         1   -0.4137    2.3060    0.1497
DIM:ROT:      27         1   -0.3325    0.7664    0.4096
DIM:ROT:      28         1   -0.3209    2.8212    0.1075
DIM:ROT:      29         1   -0.2519    0.7821    0.4340
DIM:ROT:      30         0   -0.2519 ---------    0.0705
DIM:ROT:      31         1   -0.1962    0.2764    0.1201
DIM:ROT:      32         0   -0.1862 ---------    0.0480
DIM:ROT:      33         1   -0.1380    0.2070    0.1119
DIM:ROT:      34         0   -0.1453 ---------    0.0426
