<_io.TextIOWrapper name='/dev/null' mode='w' encoding='utf-8'>
<_io.TextIOWrapper name='/dev/null' mode='w' encoding='utf-8'>
<_io.TextIOWrapper name='/dev/null' mode='w' encoding='utf-8'>
<_io.TextIOWrapper name='/dev/null' mode='w' encoding='utf-8'>
<_io.TextIOWrapper name='/dev/null' mode='w' encoding='utf-8'>
<_io.TextIOWrapper name='/dev/null' mode='w' encoding='utf-8'>
<_io.TextIOWrapper name='/dev/null' mode='w' encoding='utf-8'>
<_io.TextIOWrapper name='/dev/null' mode='w' encoding='utf-8'>
<_io.TextIOWrapper name='/dev/null' mode='w' encoding='utf-8'>
<_io.TextIOWrapper name='/dev/null' mode='w' encoding='utf-8'>
<_io.TextIOWrapper name='/dev/null' mode='w' encoding='utf-8'>
<_io.TextIOWrapper name='/dev/null' mode='w' encoding='utf-8'>
<_io.TextIOWrapper name='/dev/null' mode='w' encoding='utf-8'>
<_io.TextIOWrapper name='/dev/null' mode='w' encoding='utf-8'>
<_io.TextIOWrapper name='/dev/null' mode='w' encoding='utf-8'>
<_io.TextIOWrapper name='/dev/null' mode='w' encoding='utf-8'>
<_io.TextIOWrapper name='/dev/null' mode='w' encoding='utf-8'>
<_io.TextIOWrapper name='/dev/null' mode='w' encoding='utf-8'>
<_io.TextIOWrapper name='/dev/null' mode='w' encoding='utf-8'>
<_io.TextIOWrapper name='/dev/null' mode='w' encoding='utf-8'>
<_io.TextIOWrapper name='/dev/null' mode='w' encoding='utf-8'>
<_io.TextIOWrapper name='/dev/null' mode='w' encoding='utf-8'>
<_io.TextIOWrapper name='/dev/null' mode='w' encoding='utf-8'>
<_io.TextIOWrapper name='/dev/null' mode='w' encoding='utf-8'>
<_io.TextIOWrapper name='/dev/null' mode='w' encoding='utf-8'>
<_io.TextIOWrapper name='/dev/null' mode='w' encoding='utf-8'>
<_io.TextIOWrapper name='/dev/null' mode='w' encoding='utf-8'>
<_io.TextIOWrapper name='/dev/null' mode='w' encoding='utf-8'>
<_io.TextIOWrapper name='/dev/null' mode='w' encoding='utf-8'>
<_io.TextIOWrapper name='/dev/null' mode='w' encoding='utf-8'>
<_io.TextIOWrapper name='/dev/null' mode='w' encoding='utf-8'>
<_io.TextIOWrapper name='/dev/null' mode='w' encoding='utf-8'>
<_io.TextIOWrapper name='/dev/null' mode='w' encoding='utf-8'>
<_io.TextIOWrapper name='/dev/null' mode='w' encoding='utf-8'>
<_io.TextIOWrapper name='/dev/null' mode='w' encoding='utf-8'>
<_io.TextIOWrapper name='/dev/null' mode='w' encoding='utf-8'>
<_io.TextIOWrapper name='/dev/null' mode='w' encoding='utf-8'>
<_io.TextIOWrapper name='/dev/null' mode='w' encoding='utf-8'>
<_io.TextIOWrapper name='/dev/null' mode='w' encoding='utf-8'>
<_io.TextIOWrapper name='/dev/null' mode='w' encoding='utf-8'>
<_io.TextIOWrapper name='/dev/null' mode='w' encoding='utf-8'>
<_io.TextIOWrapper name='/dev/null' mode='w' encoding='utf-8'>
<_io.TextIOWrapper name='/dev/null' mode='w' encoding='utf-8'>
<_io.TextIOWrapper name='/dev/null' mode='w' encoding='utf-8'>
<_io.TextIOWrapper name='/dev/null' mode='w' encoding='utf-8'>
<_io.TextIOWrapper name='/dev/null' mode='w' encoding='utf-8'>
<_io.TextIOWrapper name='/dev/null' mode='w' encoding='utf-8'>
<_io.TextIOWrapper name='/dev/null' mode='w' encoding='utf-8'>
<_io.TextIOWrapper name='/dev/null' mode='w' encoding='utf-8'>
<_io.TextIOWrapper name='/dev/null' mode='w' encoding='utf-8'>
<_io.TextIOWrapper name='/dev/null' mode='w' encoding='utf-8'>
<_io.TextIOWrapper name='/dev/null' mode='w' encoding='utf-8'>
<_io.TextIOWrapper name='/dev/null' mode='w' encoding='utf-8'>
<_io.TextIOWrapper name='/dev/null' mode='w' encoding='utf-8'>
<_io.TextIOWrapper name='/dev/null' mode='w' encoding='utf-8'>
<_io.TextIOWrapper name='/dev/null' mode='w' encoding='utf-8'>
<_io.TextIOWrapper name='/dev/null' mode='w' encoding='utf-8'>
<_io.TextIOWrapper name='/dev/null' mode='w' encoding='utf-8'>
<_io.TextIOWrapper name='/dev/null' mode='w' encoding='utf-8'>
<_io.TextIOWrapper name='/dev/null' mode='w' encoding='utf-8'>
<_io.TextIOWrapper name='/dev/null' mode='w' encoding='utf-8'>
<_io.TextIOWrapper name='/dev/null' mode='w' encoding='utf-8'>
<_io.TextIOWrapper name='/dev/null' mode='w' encoding='utf-8'>
<_io.TextIOWrapper name='/dev/null' mode='w' encoding='utf-8'>
<_io.TextIOWrapper name='/dev/null' mode='w' encoding='utf-8'>
<_io.TextIOWrapper name='/dev/null' mode='w' encoding='utf-8'>
<_io.TextIOWrapper name='/dev/null' mode='w' encoding='utf-8'>
<_io.TextIOWrapper name='/dev/null' mode='w' encoding='utf-8'>
<_io.TextIOWrapper name='/dev/null' mode='w' encoding='utf-8'>
<_io.TextIOWrapper name='/dev/null' mode='w' encoding='utf-8'>
<_io.TextIOWrapper name='/dev/null' mode='w' encoding='utf-8'>
<_io.TextIOWrapper name='/dev/null' mode='w' encoding='utf-8'>
<_io.TextIOWrapper name='/dev/null' mode='w' encoding='utf-8'>
<_io.TextIOWrapper name='/dev/null' mode='w' encoding='utf-8'>
<_io.TextIOWrapper name='/dev/null' mode='w' encoding='utf-8'>
<_io.TextIOWrapper name='/dev/null' mode='w' encoding='utf-8'>
<_io.TextIOWrapper name='/dev/null' mode='w' encoding='utf-8'>
<_io.TextIOWrapper name='/dev/null' mode='w' encoding='utf-8'>
<_io.TextIOWrapper name='/dev/null' mode='w' encoding='utf-8'>
<_io.TextIOWrapper name='/dev/null' mode='w' encoding='utf-8'>
<_io.TextIOWrapper name='/dev/null' mode='w' encoding='utf-8'>
<_io.TextIOWrapper name='/dev/null' mode='w' encoding='utf-8'>
<_io.TextIOWrapper name='/dev/null' mode='w' encoding='utf-8'>
<_io.TextIOWrapper name='/dev/null' mode='w' encoding='utf-8'>
<_io.TextIOWrapper name='/dev/null' mode='w' encoding='utf-8'>
<_io.TextIOWrapper name='/dev/null' mode='w' encoding='utf-8'>
<_io.TextIOWrapper name='/dev/null' mode='w' encoding='utf-8'>
<_io.TextIOWrapper name='/dev/null' mode='w' encoding='utf-8'>
<_io.TextIOWrapper name='/dev/null' mode='w' encoding='utf-8'>
<_io.TextIOWrapper name='/dev/null' mode='w' encoding='utf-8'>
<_io.TextIOWrapper name='/dev/null' mode='w' encoding='utf-8'>
<_io.TextIOWrapper name='/dev/null' mode='w' encoding='utf-8'>
<_io.TextIOWrapper name='/dev/null' mode='w' encoding='utf-8'>
<_io.TextIOWrapper name='/dev/null' mode='w' encoding='utf-8'>
<_io.TextIOWrapper name='/dev/null' mode='w' encoding='utf-8'>
<_io.TextIOWrapper name='/dev/null' mode='w' encoding='utf-8'>
<_io.TextIOWrapper name='/dev/null' mode='w' encoding='utf-8'>
<_io.TextIOWrapper name='/dev/null' mode='w' encoding='utf-8'>
<_io.TextIOWrapper name='/dev/null' mode='w' encoding='utf-8'>
<_io.TextIOWrapper name='/dev/null' mode='w' encoding='utf-8'>
<_io.TextIOWrapper name='/dev/null' mode='w' encoding='utf-8'>
<_io.TextIOWrapper name='/dev/null' mode='w' encoding='utf-8'>
      Step     Time          Energy          fmax
BFGS:    0 05:53:05        7.984338        0.257555
BFGS:    1 05:53:05        7.982805        0.219794
BFGS:    2 05:53:05        7.974265        0.220583
BFGS:    3 05:53:05        7.972236        0.214150
BFGS:    4 05:53:05        7.932279        1.053319
BFGS:    5 05:53:05        7.890108        1.907339
BFGS:    6 05:53:05        7.849044        3.001888
BFGS:    7 05:53:05        7.807238        4.372922
BFGS:    8 05:53:05        7.764305        6.049963
BFGS:    9 05:53:05        7.728789        8.014823
BFGS:   10 05:53:05        7.722989       10.131367
BFGS:   11 05:53:05        7.702911        8.796018
BFGS:   12 05:53:05        7.696464        8.615774
BFGS:   13 05:53:05        7.682670        8.206730
BFGS:   14 05:53:05        7.673842        8.106813
BFGS:   15 05:53:05        7.639774        8.066762
BFGS:   16 05:53:05        7.559307        8.305417
BFGS:   17 05:53:05        7.462845        8.195709
BFGS:   18 05:53:05        7.284853        5.552777
BFGS:   19 05:53:05        7.168702        4.066495
BFGS:   20 05:53:05        6.965538        2.901957
BFGS:   21 05:53:05        6.402698        1.838105
BFGS:   22 05:53:05        5.998018        1.015490
BFGS:   23 05:53:05        6.011120        1.839943
BFGS:   24 05:53:05        5.929171        0.441003
BFGS:   25 05:53:05        5.924149        0.414727
BFGS:   26 05:53:05        5.915632        0.071355
BFGS:   27 05:53:05        5.915392        0.065890
BFGS:   28 05:53:05        5.915199        0.056648
BFGS:   29 05:53:05        5.915132        0.030204
      Step     Time          Energy          fmax
BFGS:    0 05:53:05        8.102523        0.284865
BFGS:    1 05:53:05        8.101006        0.210006
BFGS:    2 05:53:05        8.098787        0.070768
BFGS:    3 05:53:05        8.098651        0.049557
