MINMODE:METHOD: Dimer
DIM:CONTROL: Search Parameters:
DIM:CONTROL: ------------------
DIM:CONTROL: eigenmode_method = dimer
DIM:CONTROL: f_rot_min = 0.1
DIM:CONTROL: f_rot_max = 1.0
DIM:CONTROL: max_num_rot = 1
DIM:CONTROL: trial_angle = 0.7853981633974483
DIM:CONTROL: trial_trans_step = 0.001
DIM:CONTROL: maximum_translation = 0.1
DIM:CONTROL: cg_translation = True
DIM:CONTROL: use_central_forces = True
DIM:CONTROL: dimer_separation = 0.01
DIM:CONTROL: initial_eigenmode_method = displacement
DIM:CONTROL: extrapolate_forces = False
DIM:CONTROL: displacement_method = gauss
DIM:CONTROL: gauss_std = 0.1
DIM:CONTROL: order = 1
DIM:CONTROL: mask = None
DIM:CONTROL: displacement_center = 0
DIM:CONTROL: displacement_radius = 0.5
DIM:CONTROL: number_of_displacement_atoms = None
DIM:CONTROL: ------------------
DIM:ROT: OPT-STEP ROT-STEP CURVATURE ROT-ANGLE ROT-FORCE
MINMODE:DISP: Parameters, different from the control:
MINMODE:DISP: mask = [True, False, False, False]
MINMODE:DISP:       0      0.09148144      0.15857873     -0.07053665
MINMODE:DISP:       1      0.00000000      0.00000000      0.00000000
MINMODE:DISP:       2      0.00000000      0.00000000      0.00000000
MINMODE:DISP:       3      0.00000000      0.00000000      0.00000000
DIM:ROT:       0         1    0.5272   22.1287    1.7597
DIM:ROT:       1         1    0.1993   26.4269    0.6997
DIM:ROT:       2         1    0.0847    8.1479    0.8264
DIM:ROT:       3         1    0.6490   46.9686    0.6028
DIM:ROT:       4         1   -2.9022   25.5491    4.0891
DIM:ROT:       5         1   -4.0435   21.1062    2.4475
DIM:ROT:       6         1   -4.3227    9.4654    1.7874
DIM:ROT:       7         1   -2.5949   17.9240    3.6576
DIM:ROT:       8         1   -2.4083   18.3277    3.1357
DIM:ROT:       9         1   -2.2590    3.7370    0.7176
DIM:ROT:      10         1   -2.0209    1.2498    0.2576
DIM:ROT:      11         1   -1.7988    1.2805    0.2145
DIM:ROT:      12         1   -1.5517    0.9578    0.3662
DIM:ROT:      13         1   -1.3538    0.9179    0.2025
DIM:ROT:      14         1   -1.1345    1.0788    0.4593
DIM:ROT:      15         1   -1.0028    0.5127    0.2173
DIM:ROT:      16         1   -0.8320    0.7768    0.2978
DIM:ROT:      17         1   -0.7198    0.4129    0.1664
DIM:ROT:      18         1   -0.5962    0.5212    0.2007
DIM:ROT:      19         1   -0.4974    0.4475    0.1006
DIM:ROT:      20         0   -0.4182 ---------    0.0256
DIM:ROT:      21         1   -0.3726    0.3084    0.1167
DIM:ROT:      22         0   -0.3093 ---------    0.0896
DIM:ROT:      23         0   -0.3005 ---------    0.0569
DIM:ROT:      24         0   -0.2856 ---------    0.0317
DIM:ROT:      25         0   -0.2342 ---------    0.0407
DIM:ROT:      26         0   -0.1988 ---------    0.0511
DIM:ROT:      27         0   -0.1626 ---------    0.0615
DIM:ROT:      28         0   -0.1161 ---------    0.0662
DIM:ROT:      29         1    0.1165    0.5189    0.1737
DIM:ROT:      30         1    0.9020    1.9786    0.5197
DIM:ROT:      31         1   -1.2303    4.2877    1.4951
DIM:ROT:      32         1   -0.5534    1.2274    0.6020
DIM:ROT:      33         1   -0.3442    0.6290    0.1780
