MINMODE:METHOD: Dimer
DIM:CONTROL: Search Parameters:
DIM:CONTROL: ------------------
DIM:CONTROL: eigenmode_method = dimer
DIM:CONTROL: f_rot_min = 0.1
DIM:CONTROL: f_rot_max = 1.0
DIM:CONTROL: max_num_rot = 1
DIM:CONTROL: trial_angle = 0.7853981633974483
DIM:CONTROL: trial_trans_step = 0.001
DIM:CONTROL: maximum_translation = 0.1
DIM:CONTROL: cg_translation = True
DIM:CONTROL: use_central_forces = True
DIM:CONTROL: dimer_separation = 0.01
DIM:CONTROL: initial_eigenmode_method = displacement
DIM:CONTROL: extrapolate_forces = False
DIM:CONTROL: displacement_method = gauss
DIM:CONTROL: gauss_std = 0.1
DIM:CONTROL: order = 1
DIM:CONTROL: mask = None
DIM:CONTROL: displacement_center = 0
DIM:CONTROL: displacement_radius = 0.5
DIM:CONTROL: number_of_displacement_atoms = None
DIM:CONTROL: ------------------
DIM:ROT: OPT-STEP ROT-STEP CURVATURE ROT-ANGLE ROT-FORCE
MINMODE:DISP: Parameters, different from the control:
MINMODE:DISP: mask = [True, False, False, False]
MINMODE:DISP:       0      0.00755911      0.06249518      0.03494240
MINMODE:DISP:       1      0.00000000      0.00000000      0.00000000
MINMODE:DISP:       2      0.00000000      0.00000000      0.00000000
MINMODE:DISP:       3      0.00000000      0.00000000      0.00000000
DIM:ROT:       0         1    0.2071   36.6090    0.7861
DIM:ROT:       1         1    0.1360   13.1374    0.3132
DIM:ROT:       2         1    0.0126   26.3891    0.2460
DIM:ROT:       3         1    0.5280   57.3505    0.8339
DIM:ROT:       4         1   -2.9508   33.6368    1.9362
DIM:ROT:       5         1   -3.0663   13.4040    0.9407
DIM:ROT:       6         1   -1.8061   32.7818    3.6333
DIM:ROT:       7         1   -2.1381   11.0158    2.2396
DIM:ROT:       8         1   -2.4909    7.0797    0.9475
DIM:ROT:       9         1   -2.4804    1.5220    0.3798
DIM:ROT:      10         1   -2.2891    2.2180    0.4202
DIM:ROT:      11         1   -1.9234    2.3465    0.6247
DIM:ROT:      12         1   -1.6518    1.9550    0.4265
DIM:ROT:      13         1   -1.4325    0.6756    0.1513
DIM:ROT:      14         1   -1.2166    0.7034    0.2111
DIM:ROT:      15         1   -1.0472    0.4369    0.1574
DIM:ROT:      16         1   -0.8775    0.9853    0.4323
DIM:ROT:      17         1   -0.7444    0.6722    0.1525
DIM:ROT:      18         0   -0.7259 ---------    0.0488
DIM:ROT:      19         0   -0.6036 ---------    0.0572
DIM:ROT:      20         1   -0.5721    0.3761    0.1271
DIM:ROT:      21         0   -0.4808 ---------    0.0664
DIM:ROT:      22         0   -0.4632 ---------    0.0995
DIM:ROT:      23         1   -0.3829    0.5789    0.1446
DIM:ROT:      24         0   -0.3568 ---------    0.0756
DIM:ROT:      25         0   -0.3175 ---------    0.0533
DIM:ROT:      26         0   -0.2613 ---------    0.0415
DIM:ROT:      27         0   -0.2404 ---------    0.0855
DIM:ROT:      28         1   -0.2029    0.4207    0.1310
DIM:ROT:      29         1   -0.1617    0.2424    0.1018
DIM:ROT:      30         0   -0.1576 ---------    0.0301
DIM:ROT:      31         0   -0.0736 ---------    0.0260
DIM:ROT:      32         0    0.0411 ---------    0.0754
DIM:ROT:      33         1    0.9395    2.0503    0.6056
DIM:ROT:      34         1   -1.2348    3.8767    1.4692
DIM:ROT:      35         1   -1.0666    1.2577    0.5288
DIM:ROT:      36         1   -0.6347    0.6770    0.1074
DIM:ROT:      37         1   -0.3460    0.4534    0.1583
