MINMODE:METHOD: Dimer
DIM:CONTROL: Search Parameters:
DIM:CONTROL: ------------------
DIM:CONTROL: eigenmode_method = dimer
DIM:CONTROL: f_rot_min = 0.1
DIM:CONTROL: f_rot_max = 1.0
DIM:CONTROL: max_num_rot = 1
DIM:CONTROL: trial_angle = 0.7853981633974483
DIM:CONTROL: trial_trans_step = 0.001
DIM:CONTROL: maximum_translation = 0.1
DIM:CONTROL: cg_translation = True
DIM:CONTROL: use_central_forces = True
DIM:CONTROL: dimer_separation = 0.01
DIM:CONTROL: initial_eigenmode_method = displacement
DIM:CONTROL: extrapolate_forces = False
DIM:CONTROL: displacement_method = gauss
DIM:CONTROL: gauss_std = 0.1
DIM:CONTROL: order = 1
DIM:CONTROL: mask = None
DIM:CONTROL: displacement_center = 0
DIM:CONTROL: displacement_radius = 0.5
DIM:CONTROL: number_of_displacement_atoms = None
DIM:CONTROL: ------------------
DIM:ROT: OPT-STEP ROT-STEP CURVATURE ROT-ANGLE ROT-FORCE
MINMODE:DISP: Parameters, different from the control:
MINMODE:DISP: mask = [True, False, False, False]
MINMODE:DISP:       0      0.13614322     -0.15271089     -0.09659303
MINMODE:DISP:       1      0.00000000      0.00000000      0.00000000
MINMODE:DISP:       2      0.00000000      0.00000000      0.00000000
MINMODE:DISP:       3      0.00000000      0.00000000      0.00000000
DIM:ROT:       0         1    0.5091   26.0841    3.2452
DIM:ROT:       1         1    0.0281   36.3374    0.7124
DIM:ROT:       2         1    0.2166   69.6376    0.7264
DIM:ROT:       3         1   -3.0063   23.8101    1.7657
DIM:ROT:       4         1   -3.1405   15.8509    1.3093
DIM:ROT:       5         1   -2.4285   20.6509    3.2928
DIM:ROT:       6         1   -2.5375    9.0250    1.3779
DIM:ROT:       7         1   -2.4665    2.5712    0.6043
DIM:ROT:       8         1   -2.1962    3.3859    0.7828
DIM:ROT:       9         1   -1.9234    2.0610    0.4245
DIM:ROT:      10         1   -1.6812    0.9396    0.3139
DIM:ROT:      11         1   -1.4568    1.2164    0.2629
DIM:ROT:      12         1   -1.2400    0.7421    0.2332
DIM:ROT:      13         1   -1.0741    0.5165    0.1783
DIM:ROT:      14         1   -0.8910    1.1165    0.4927
DIM:ROT:      15         1   -0.7600    0.7328    0.1704
DIM:ROT:      16         0   -0.7418 ---------    0.0605
DIM:ROT:      17         0   -0.6170 ---------    0.0807
DIM:ROT:      18         1   -0.5848    0.4587    0.1635
DIM:ROT:      19         0   -0.4931 ---------    0.0862
DIM:ROT:      20         1   -0.4757    0.3379    0.1190
DIM:ROT:      21         1   -0.3898    0.4081    0.1452
DIM:ROT:      22         0   -0.3769 ---------    0.0437
DIM:ROT:      23         0   -0.3510 ---------    0.0424
DIM:ROT:      24         0   -0.2892 ---------    0.0619
DIM:ROT:      25         0   -0.2768 ---------    0.0900
DIM:ROT:      26         1   -0.2589    0.4898    0.1167
DIM:ROT:      27         0   -0.2169 ---------    0.0263
DIM:ROT:      28         0   -0.2123 ---------    0.0164
DIM:ROT:      29         0   -0.1997 ---------    0.0132
DIM:ROT:      30         0   -0.1635 ---------    0.0217
DIM:ROT:      31         0   -0.1497 ---------    0.0447
DIM:ROT:      32         0   -0.1188 ---------    0.0786
DIM:ROT:      33         1   -0.0496    0.3997    0.1130
DIM:ROT:      34         1    0.4321    1.2584    0.3175
DIM:ROT:      35         1    0.0936    0.7328    0.2854
DIM:ROT:      36         1   -0.9286    2.8197    0.7455
DIM:ROT:      37         1   -0.4148    1.0821    0.4874
DIM:ROT:      38         1   -0.2348    0.9127    0.2131
