MINMODE:METHOD: Dimer
DIM:CONTROL: Search Parameters:
DIM:CONTROL: ------------------
DIM:CONTROL: eigenmode_method = dimer
DIM:CONTROL: f_rot_min = 0.1
DIM:CONTROL: f_rot_max = 1.0
DIM:CONTROL: max_num_rot = 1
DIM:CONTROL: trial_angle = 0.7853981633974483
DIM:CONTROL: trial_trans_step = 0.001
DIM:CONTROL: maximum_translation = 0.1
DIM:CONTROL: cg_translation = True
DIM:CONTROL: use_central_forces = True
DIM:CONTROL: dimer_separation = 0.01
DIM:CONTROL: initial_eigenmode_method = displacement
DIM:CONTROL: extrapolate_forces = False
DIM:CONTROL: displacement_method = gauss
DIM:CONTROL: gauss_std = 0.1
DIM:CONTROL: order = 1
DIM:CONTROL: mask = None
DIM:CONTROL: displacement_center = 0
DIM:CONTROL: displacement_radius = 0.5
DIM:CONTROL: number_of_displacement_atoms = None
DIM:CONTROL: ------------------
DIM:ROT: OPT-STEP ROT-STEP CURVATURE ROT-ANGLE ROT-FORCE
MINMODE:DISP: Parameters, different from the control:
MINMODE:DISP: mask = [True, False, False, False]
MINMODE:DISP:       0     -0.03622450     -0.17172699      0.02541551
MINMODE:DISP:       1      0.00000000      0.00000000      0.00000000
MINMODE:DISP:       2      0.00000000      0.00000000      0.00000000
MINMODE:DISP:       3      0.00000000      0.00000000      0.00000000
DIM:ROT:       0         1   -0.0424   44.2988    0.8691
DIM:ROT:       1         1   -0.0983   17.9136    0.7036
DIM:ROT:       2         1   -0.0153    9.2671    1.4195
DIM:ROT:       3         1    0.0016    6.5055    1.8229
DIM:ROT:       4         1   -0.0674    1.8581    0.3834
DIM:ROT:       5         1   -0.0996    1.7332    0.3385
DIM:ROT:       6         1   -0.0673    1.1199    0.3640
DIM:ROT:       7         1   -0.0019    0.8801    0.2817
DIM:ROT:       8         1    0.0867    0.6757    0.2311
DIM:ROT:       9         1   -0.0209    0.8462    0.1527
DIM:ROT:      10         1   -0.0519    0.9329    0.2039
DIM:ROT:      11         1    0.0171    0.7205    0.2498
DIM:ROT:      12         1   -0.1923   29.4732    0.1883
DIM:ROT:      13         1   -0.3796    3.9336    2.0185
DIM:ROT:      14         1   -0.4841    2.1661    0.3029
DIM:ROT:      15         1   -0.6090    1.9695    0.6279
DIM:ROT:      16         1   -0.5473    1.7544    0.8096
DIM:ROT:      17         1   -0.5736    3.9413    0.2770
DIM:ROT:      18         1   -0.4826    1.8620    1.1216
DIM:ROT:      19         1   -0.4415    0.7944    0.2372
DIM:ROT:      20         1   -0.4809    0.8879    0.3236
DIM:ROT:      21         1   -0.5025    0.8585    0.3086
DIM:ROT:      22         1   -0.4493    1.0364    0.1798
DIM:ROT:      23         1   -0.3557    0.5324    0.2455
DIM:ROT:      24         1   -0.3579    1.0814    0.1295
DIM:ROT:      25         1   -0.3101    0.6198    0.3012
DIM:ROT:      26         1   -0.2824    0.4743    0.1056
DIM:ROT:      27         0   -0.2280 ---------    0.0774
DIM:ROT:      28         0   -0.1990 ---------    0.0868
DIM:ROT:      29         0   -0.2043 ---------    0.0777
DIM:ROT:      30         1   -0.1695    0.2331    0.1054
DIM:ROT:      31         0   -0.1652 ---------    0.0494
DIM:ROT:      32         0   -0.1366 ---------    0.0482
DIM:ROT:      33         0   -0.1362 ---------    0.0492
